# JRE version: Java(TM) SE Runtime Environment (8.0_211-b12) (build 1.8.0_211-b12)
# Java VM: Java HotSpot(TM) 64-Bit Server VM (25.211-b12 mixed mode windows-amd64 compressed oops)
Heap:
 PSYoungGen      total 627712K, used 76790K [0x00000000d5d80000, 0x00000000ff980000, 0x0000000100000000)
  eden space 579584K, 13% used [0x00000000d5d80000,0x00000000da87d9f8,0x00000000f9380000)
  from space 48128K, 0% used [0x00000000fca80000,0x00000000fca80000,0x00000000ff980000)
  to   space 52224K, 0% used [0x00000000f9380000,0x00000000f9380000,0x00000000fc680000)
 ParOldGen       total 201728K, used 60774K [0x0000000081800000, 0x000000008dd00000, 0x00000000d5d80000)
  object space 201728K, 30% used [0x0000000081800000,0x00000000853599c0,0x000000008dd00000)
 Metaspace       used 87913K, capacity 91266K, committed 91648K, reserved 1130496K
  class space    used 10235K, capacity 10881K, committed 11008K, reserved 1048576K
GC Heap History (10 events):
Event: 36.155 GC heap before
{Heap before GC invocations=22 (full 3):
 PSYoungGen      total 482304K, used 460300K [0x00000000d5d80000, 0x00000000f7500000, 0x0000000100000000)
  eden space 425472K, 100% used [0x00000000d5d80000,0x00000000efd00000,0x00000000efd00000)
  from space 56832K, 61% used [0x00000000f3d80000,0x00000000f5f831b0,0x00000000f7500000)
  to   space 61440K, 0% used [0x00000000efd00000,0x00000000efd00000,0x00000000f3900000)
 ParOldGen       total 200192K, used 82005K [0x0000000081800000, 0x000000008db80000, 0x00000000d5d80000)
  object space 200192K, 40% used [0x0000000081800000,0x00000000868156e8,0x000000008db80000)
 Metaspace       used 61153K, capacity 63584K, committed 63872K, reserved 1105920K
  class space    used 7190K, capacity 7747K, committed 7808K, reserved 1048576K
Event: 36.184 GC heap after
Heap after GC invocations=22 (full 3):
 PSYoungGen      total 486912K, used 15141K [0x00000000d5d80000, 0x00000000fd680000, 0x0000000100000000)
  eden space 425472K, 0% used [0x00000000d5d80000,0x00000000d5d80000,0x00000000efd00000)
  from space 61440K, 24% used [0x00000000efd00000,0x00000000f0bc96c8,0x00000000f3900000)
  to   space 58880K, 0% used [0x00000000f9d00000,0x00000000f9d00000,0x00000000fd680000)
 ParOldGen       total 200192K, used 82013K [0x0000000081800000, 0x000000008db80000, 0x00000000d5d80000)
  object space 200192K, 40% used [0x0000000081800000,0x00000000868176e8,0x000000008db80000)
 Metaspace       used 61153K, capacity 63584K, committed 63872K, reserved 1105920K
  class space    used 7190K, capacity 7747K, committed 7808K, reserved 1048576K
}
Event: 145.877 GC heap before
{Heap before GC invocations=23 (full 3):
 PSYoungGen      total 486912K, used 440613K [0x00000000d5d80000, 0x00000000fd680000, 0x0000000100000000)
  eden space 425472K, 100% used [0x00000000d5d80000,0x00000000efd00000,0x00000000efd00000)
  from space 61440K, 24% used [0x00000000efd00000,0x00000000f0bc96c8,0x00000000f3900000)
  to   space 58880K, 0% used [0x00000000f9d00000,0x00000000f9d00000,0x00000000fd680000)
 ParOldGen       total 200192K, used 82013K [0x0000000081800000, 0x000000008db80000, 0x00000000d5d80000)
  object space 200192K, 40% used [0x0000000081800000,0x00000000868176e8,0x000000008db80000)
 Metaspace       used 68456K, capacity 71080K, committed 71424K, reserved 1112064K
  class space    used 8010K, capacity 8603K, committed 8704K, reserved 1048576K
Event: 145.951 GC heap after
Heap after GC invocations=23 (full 3):
 PSYoungGen      total 561664K, used 25479K [0x00000000d5d80000, 0x00000000fc680000, 0x0000000100000000)
  eden space 519168K, 0% used [0x00000000d5d80000,0x00000000d5d80000,0x00000000f5880000)
  from space 42496K, 59% used [0x00000000f9d00000,0x00000000fb5e1c68,0x00000000fc680000)
  to   space 56320K, 0% used [0x00000000f5880000,0x00000000f5880000,0x00000000f8f80000)
 ParOldGen       total 200192K, used 82021K [0x0000000081800000, 0x000000008db80000, 0x00000000d5d80000)
  object space 200192K, 40% used [0x0000000081800000,0x00000000868196e8,0x000000008db80000)
 Metaspace       used 68456K, capacity 71080K, committed 71424K, reserved 1112064K
  class space    used 8010K, capacity 8603K, committed 8704K, reserved 1048576K
}
Event: 152.551 GC heap before
{Heap before GC invocations=24 (full 3):
 PSYoungGen      total 561664K, used 544647K [0x00000000d5d80000, 0x00000000fc680000, 0x0000000100000000)
  eden space 519168K, 100% used [0x00000000d5d80000,0x00000000f5880000,0x00000000f5880000)
  from space 42496K, 59% used [0x00000000f9d00000,0x00000000fb5e1c68,0x00000000fc680000)
  to   space 56320K, 0% used [0x00000000f5880000,0x00000000f5880000,0x00000000f8f80000)
 ParOldGen       total 200192K, used 82021K [0x0000000081800000, 0x000000008db80000, 0x00000000d5d80000)
  object space 200192K, 40% used [0x0000000081800000,0x00000000868196e8,0x000000008db80000)
 Metaspace       used 79690K, capacity 82692K, committed 83072K, reserved 1122304K
  class space    used 9372K, capacity 9987K, committed 10112K, reserved 1048576K
Event: 152.589 GC heap after
Heap after GC invocations=24 (full 3):
 PSYoungGen      total 575488K, used 26927K [0x00000000d5d80000, 0x0000000100000000, 0x0000000100000000)
  eden space 519168K, 0% used [0x00000000d5d80000,0x00000000d5d80000,0x00000000f5880000)
  from space 56320K, 47% used [0x00000000f5880000,0x00000000f72cbca0,0x00000000f8f80000)
  to   space 54784K, 0% used [0x00000000fca80000,0x00000000fca80000,0x0000000100000000)
 ParOldGen       total 200192K, used 88163K [0x0000000081800000, 0x000000008db80000, 0x00000000d5d80000)
  object space 200192K, 44% used [0x0000000081800000,0x0000000086e18c18,0x000000008db80000)
 Metaspace       used 79690K, capacity 82692K, committed 83072K, reserved 1122304K
  class space    used 9372K, capacity 9987K, committed 10112K, reserved 1048576K
}
Event: 155.025 GC heap before
{Heap before GC invocations=25 (full 3):
 PSYoungGen      total 575488K, used 387819K [0x00000000d5d80000, 0x0000000100000000, 0x0000000100000000)
  eden space 519168K, 69% used [0x00000000d5d80000,0x00000000ebdef020,0x00000000f5880000)
  from space 56320K, 47% used [0x00000000f5880000,0x00000000f72cbca0,0x00000000f8f80000)
  to   space 54784K, 0% used [0x00000000fca80000,0x00000000fca80000,0x0000000100000000)
 ParOldGen       total 200192K, used 88163K [0x0000000081800000, 0x000000008db80000, 0x00000000d5d80000)
  object space 200192K, 44% used [0x0000000081800000,0x0000000086e18c18,0x000000008db80000)
 Metaspace       used 86486K, capacity 89642K, committed 89816K, reserved 1128448K
  class space    used 10095K, capacity 10726K, committed 10752K, reserved 1048576K
Event: 155.057 GC heap after
Heap after GC invocations=25 (full 3):
 PSYoungGen      total 627712K, used 24563K [0x00000000d5d80000, 0x00000000ff980000, 0x0000000100000000)
  eden space 579584K, 0% used [0x00000000d5d80000,0x00000000d5d80000,0x00000000f9380000)
  from space 48128K, 51% used [0x00000000fca80000,0x00000000fe27cf68,0x00000000ff980000)
  to   space 52224K, 0% used [0x00000000f9380000,0x00000000f9380000,0x00000000fc680000)
 ParOldGen       total 200192K, used 90843K [0x0000000081800000, 0x000000008db80000, 0x00000000d5d80000)
  object space 200192K, 45% used [0x0000000081800000,0x00000000870b6c78,0x000000008db80000)
 Metaspace       used 86486K, capacity 89642K, committed 89816K, reserved 1128448K
  class space    used 10095K, capacity 10726K, committed 10752K, reserved 1048576K
}
Event: 155.057 GC heap before
{Heap before GC invocations=26 (full 4):
 PSYoungGen      total 627712K, used 24563K [0x00000000d5d80000, 0x00000000ff980000, 0x0000000100000000)
  eden space 579584K, 0% used [0x00000000d5d80000,0x00000000d5d80000,0x00000000f9380000)
  from space 48128K, 51% used [0x00000000fca80000,0x00000000fe27cf68,0x00000000ff980000)
  to   space 52224K, 0% used [0x00000000f9380000,0x00000000f9380000,0x00000000fc680000)
 ParOldGen       total 200192K, used 90843K [0x0000000081800000, 0x000000008db80000, 0x00000000d5d80000)
  object space 200192K, 45% used [0x0000000081800000,0x00000000870b6c78,0x000000008db80000)
 Metaspace       used 86486K, capacity 89642K, committed 89816K, reserved 1128448K
  class space    used 10095K, capacity 10726K, committed 10752K, reserved 1048576K
Event: 155.331 GC heap after
Heap after GC invocations=26 (full 4):
 PSYoungGen      total 627712K, used 0K [0x00000000d5d80000, 0x00000000ff980000, 0x0000000100000000)
  eden space 579584K, 0% used [0x00000000d5d80000,0x00000000d5d80000,0x00000000f9380000)
  from space 48128K, 0% used [0x00000000fca80000,0x00000000fca80000,0x00000000ff980000)
  to   space 52224K, 0% used [0x00000000f9380000,0x00000000f9380000,0x00000000fc680000)
 ParOldGen       total 201728K, used 60774K [0x0000000081800000, 0x000000008dd00000, 0x00000000d5d80000)
  object space 201728K, 30% used [0x0000000081800000,0x00000000853599c0,0x000000008dd00000)
 Metaspace       used 86482K, capacity 89630K, committed 89816K, reserved 1128448K
  class space    used 10094K, capacity 10724K, committed 10752K, reserved 1048576K
}

